{
  "uid" : "4e780e7dcb345b06",
  "name" : "test_invalidLogin",
  "fullName" : "tests.home.test_login.LoginTests#test_invalidLogin",
  "historyId" : "af8a419c54e33aa698d7278fea9928e1",
  "time" : {
    "start" : 1599032535708,
    "stop" : 1599032550890,
    "duration" : 15182
  },
  "status" : "failed",
  "statusMessage" : "AssertionError: assert False == True",
  "statusTrace" : "self = <tests.home.test_login.LoginTests testMethod=test_invalidLogin>\n\n    @pytest.mark.run(order=1)\n    def test_invalidLogin(self):\n        self.lp.login(\"test@email.com\", \"abcabcabc\")\n        result = self.lp.verifyLoginFailed()\n>       assert result == True\nE       AssertionError: assert False == True\n\ntest_login.py:30: AssertionError",
  "flaky" : false,
  "newFailed" : false,
  "beforeStages" : [ {
    "name" : "_UnitTestCase__pytest_class_setup",
    "time" : {
      "start" : 1599032523443,
      "stop" : 1599032523443,
      "duration" : 0
    },
    "status" : "passed",
    "steps" : [ ],
    "attachments" : [ ],
    "parameters" : [ ],
    "attachmentsCount" : 0,
    "shouldDisplayMessage" : false,
    "hasContent" : false,
    "stepsCount" : 0
  }, {
    "name" : "browser",
    "time" : {
      "start" : 1599032523443,
      "stop" : 1599032523443,
      "duration" : 0
    },
    "status" : "passed",
    "steps" : [ ],
    "attachments" : [ ],
    "parameters" : [ ],
    "attachmentsCount" : 0,
    "shouldDisplayMessage" : false,
    "hasContent" : false,
    "stepsCount" : 0
  }, {
    "name" : "setUp",
    "time" : {
      "start" : 1599032535702,
      "stop" : 1599032535703,
      "duration" : 1
    },
    "status" : "passed",
    "steps" : [ ],
    "attachments" : [ ],
    "parameters" : [ ],
    "attachmentsCount" : 0,
    "shouldDisplayMessage" : false,
    "hasContent" : false,
    "stepsCount" : 0
  }, {
    "name" : "classSetup",
    "time" : {
      "start" : 1599032535702,
      "stop" : 1599032535702,
      "duration" : 0
    },
    "status" : "passed",
    "steps" : [ ],
    "attachments" : [ ],
    "parameters" : [ ],
    "attachmentsCount" : 0,
    "shouldDisplayMessage" : false,
    "hasContent" : false,
    "stepsCount" : 0
  }, {
    "name" : "oneTimeSetUp",
    "time" : {
      "start" : 1599032523443,
      "stop" : 1599032535701,
      "duration" : 12258
    },
    "status" : "passed",
    "steps" : [ ],
    "attachments" : [ ],
    "parameters" : [ ],
    "attachmentsCount" : 0,
    "shouldDisplayMessage" : false,
    "hasContent" : false,
    "stepsCount" : 0
  } ],
  "testStage" : {
    "status" : "failed",
    "statusMessage" : "AssertionError: assert False == True",
    "statusTrace" : "self = <tests.home.test_login.LoginTests testMethod=test_invalidLogin>\n\n    @pytest.mark.run(order=1)\n    def test_invalidLogin(self):\n        self.lp.login(\"test@email.com\", \"abcabcabc\")\n        result = self.lp.verifyLoginFailed()\n>       assert result == True\nE       AssertionError: assert False == True\n\ntest_login.py:30: AssertionError",
    "steps" : [ ],
    "attachments" : [ {
      "uid" : "677f727ca5b5fe5",
      "name" : "log",
      "source" : "677f727ca5b5fe5.txt",
      "type" : "text/plain",
      "size" : 1249
    }, {
      "uid" : "94bbcc113dd5651c",
      "name" : "stdout",
      "source" : "94bbcc113dd5651c.txt",
      "type" : "text/plain",
      "size" : 80
    }, {
      "uid" : "9df9adc3d3bbc6f4",
      "name" : "stderr",
      "source" : "9df9adc3d3bbc6f4.txt",
      "type" : "text/plain",
      "size" : 25251
    } ],
    "parameters" : [ ],
    "attachmentsCount" : 3,
    "shouldDisplayMessage" : true,
    "hasContent" : true,
    "stepsCount" : 0
  },
  "afterStages" : [ {
    "name" : "_UnitTestCase__pytest_class_setup::0",
    "time" : {
      "start" : 1599032557178,
      "stop" : 1599032557178,
      "duration" : 0
    },
    "status" : "passed",
    "steps" : [ ],
    "attachments" : [ ],
    "parameters" : [ ],
    "attachmentsCount" : 0,
    "shouldDisplayMessage" : false,
    "hasContent" : false,
    "stepsCount" : 0
  }, {
    "name" : "setUp::0",
    "time" : {
      "start" : 1599032550897,
      "stop" : 1599032550897,
      "duration" : 0
    },
    "status" : "passed",
    "steps" : [ ],
    "attachments" : [ ],
    "parameters" : [ ],
    "attachmentsCount" : 0,
    "shouldDisplayMessage" : false,
    "hasContent" : false,
    "stepsCount" : 0
  }, {
    "name" : "oneTimeSetUp::0",
    "time" : {
      "start" : 1599032553519,
      "stop" : 1599032557176,
      "duration" : 3657
    },
    "status" : "passed",
    "steps" : [ ],
    "attachments" : [ ],
    "parameters" : [ ],
    "attachmentsCount" : 0,
    "shouldDisplayMessage" : false,
    "hasContent" : false,
    "stepsCount" : 0
  } ],
  "labels" : [ {
    "name" : "tag",
    "value" : "run(order=1)"
  }, {
    "name" : "tag",
    "value" : "@pytest.mark.usefixtures('oneTimeSetUp', 'setUp')"
  }, {
    "name" : "parentSuite",
    "value" : "tests.home"
  }, {
    "name" : "suite",
    "value" : "test_login"
  }, {
    "name" : "subSuite",
    "value" : "LoginTests"
  }, {
    "name" : "host",
    "value" : "DESKTOP-1LDCU8B"
  }, {
    "name" : "thread",
    "value" : "12816-MainThread"
  }, {
    "name" : "framework",
    "value" : "pytest"
  }, {
    "name" : "language",
    "value" : "cpython3"
  }, {
    "name" : "package",
    "value" : "tests.home.test_login"
  }, {
    "name" : "resultFormat",
    "value" : "allure2"
  } ],
  "parameters" : [ ],
  "links" : [ ],
  "hidden" : true,
  "retry" : true,
  "extra" : {
    "categories" : [ ],
    "tags" : [ "run(order=1)", "@pytest.mark.usefixtures('oneTimeSetUp', 'setUp')" ]
  },
  "source" : "4e780e7dcb345b06.json",
  "parameterValues" : [ ]
}